<?xml version="1.0" encoding="UTF-8"?>
<!-- Generated by org.testng.reporters.JUnitReportReporter -->
<testsuite hostname="DIPPU" failures="0" tests="3" name="TestNG_Parameter.testNG_1.DataDrivenTesting" time="0.016" errors="0" timestamp="2024-03-08T19:04:21 IST" skipped="0">
  <testcase classname="TestNG_Parameter.testNG_1.DataDrivenTesting" name="flipcart" time="0.004"/>
  <system-out/>
  <testcase classname="TestNG_Parameter.testNG_1.DataDrivenTesting" name="flipcart" time="0.002"/>
  <system-out/>
  <testcase classname="TestNG_Parameter.testNG_1.DataDrivenTesting" name="flipcart" time="0.010"/>
  <system-out/>
</testsuite> <!-- TestNG_Parameter.testNG_1.DataDrivenTesting -->
