<?xml version="1.0" encoding="UTF-8"?>
<!-- Generated by org.testng.reporters.JUnitReportReporter -->
<testsuite hostname="DIPPU" failures="0" tests="1" name="TestNG_Parameter.testNG_1.Parameter" time="10.870" errors="0" timestamp="2024-03-10T12:06:33 IST" skipped="0">
  <testcase classname="TestNG_Parameter.testNG_1.Parameter" name="testOneA" time="10.870"/>
  <system-out/>
</testsuite> <!-- TestNG_Parameter.testNG_1.Parameter -->
